0 info it worked if it ends with ok
1 verbose cli [ 'C:\\Program Files\\nodejs\\node.exe',
1 verbose cli   'C:\\Program Files\\nodejs\\node_modules\\npm\\bin\\npm-cli.js',
1 verbose cli   'run',
1 verbose cli   'flow' ]
2 info using npm@3.10.3
3 info using node@v6.5.0
4 verbose run-script [ 'preflow', 'flow', 'postflow' ]
5 info lifecycle re-auth@1.0.0~preflow: re-auth@1.0.0
6 silly lifecycle re-auth@1.0.0~preflow: no script for preflow, continuing
7 info lifecycle re-auth@1.0.0~flow: re-auth@1.0.0
8 verbose lifecycle re-auth@1.0.0~flow: unsafe-perm in lifecycle true
9 verbose lifecycle re-auth@1.0.0~flow: PATH: C:\Program Files\nodejs\node_modules\npm\bin\node-gyp-bin;C:\Users\IBM_ADMIN\bluemix\re-auth\node_modules\.bin;C:\Program Files\nodejs;C:\Program Files\IBM\SQLLIB\BIN\;C:\Users\IBM_ADMIN\bin;C:\Program Files\Git\mingw64\bin;C:\Program Files\Git\usr\local\bin;C:\Program Files\Git\usr\bin;C:\Program Files\Git\usr\bin;C:\Program Files\Git\mingw64\bin;C:\Program Files\Git\usr\bin;C:\Users\IBM_ADMIN\bin;C:\windows\system32;C:\windows;C:\windows\System32\Wbem;C:\windows\System32\WindowsPowerShell\v1.0;C:\Program Files\IBM\Infoprint Select;C:\Program Files\nodejs;C:\Program Files\ibm\gsk8\lib64;C:\Program Files (x86)\ibm\gsk8\lib;C:\PROGRA~1\IBM\SQLLIB~1\BIN;C:\PROGRA~1\IBM\SQLLIB~1\FUNCTION;C:\PROGRA~1\IBM\SQLLIB~1\SAMPLES\REPL;C:\Program Files\Cloud Foundry;C:\Program Files (x86)\Skype\Phone;C:\Users\IBM_ADMIN\AppData\Roaming\npm;C:\Program Files (x86)\Microsoft VS Code\bin;C:\Users\IBM_ADMIN\AppData\Local\atom\bin;C:\Program Files\Docker Toolbox;C:\Program Files\Git\usr\bin\vendor_perl;C:\Program Files\Git\usr\bin\core_perl
10 verbose lifecycle re-auth@1.0.0~flow: CWD: C:\Users\IBM_ADMIN\bluemix\re-auth
11 silly lifecycle re-auth@1.0.0~flow: Args: [ '/d /s /c', 'flow' ]
12 silly lifecycle re-auth@1.0.0~flow: Returned: code: 2  signal: null
13 info lifecycle re-auth@1.0.0~flow: Failed to exec flow script
14 verbose stack Error: re-auth@1.0.0 flow: `flow`
14 verbose stack Exit status 2
14 verbose stack     at EventEmitter.<anonymous> (C:\Program Files\nodejs\node_modules\npm\lib\utils\lifecycle.js:242:16)
14 verbose stack     at emitTwo (events.js:106:13)
14 verbose stack     at EventEmitter.emit (events.js:191:7)
14 verbose stack     at ChildProcess.<anonymous> (C:\Program Files\nodejs\node_modules\npm\lib\utils\spawn.js:40:14)
14 verbose stack     at emitTwo (events.js:106:13)
14 verbose stack     at ChildProcess.emit (events.js:191:7)
14 verbose stack     at maybeClose (internal/child_process.js:877:16)
14 verbose stack     at Process.ChildProcess._handle.onexit (internal/child_process.js:226:5)
15 verbose pkgid re-auth@1.0.0
16 verbose cwd C:\Users\IBM_ADMIN\bluemix\re-auth
17 error Windows_NT 6.1.7601
18 error argv "C:\\Program Files\\nodejs\\node.exe" "C:\\Program Files\\nodejs\\node_modules\\npm\\bin\\npm-cli.js" "run" "flow"
19 error node v6.5.0
20 error npm  v3.10.3
21 error code ELIFECYCLE
22 error re-auth@1.0.0 flow: `flow`
22 error Exit status 2
23 error Failed at the re-auth@1.0.0 flow script 'flow'.
23 error Make sure you have the latest version of node.js and npm installed.
23 error If you do, this is most likely a problem with the re-auth package,
23 error not with npm itself.
23 error Tell the author that this fails on your system:
23 error     flow
23 error You can get information on how to open an issue for this project with:
23 error     npm bugs re-auth
23 error Or if that isn't available, you can get their info via:
23 error     npm owner ls re-auth
23 error There is likely additional logging output above.
24 verbose exit [ 1, true ]
